<?xml version="1.0" encoding="UTF-8"?>
<testsuite name="cz.mendelu.pjj.JavaGame2.HraTest" tests="1" skipped="0" failures="0" errors="0" timestamp="2021-11-11T14:36:52" hostname="MacBook-Air-Ivan.local" time="0.024">
  <properties/>
  <testcase name="hra()" classname="cz.mendelu.pjj.JavaGame2.HraTest" time="0.024"/>
  <system-out><![CDATA[]]></system-out>
  <system-err><![CDATA[]]></system-err>
</testsuite>
